{
  "RSpec": {
    "coverage": {
      "/home/lively-mainframe-8820/tic-tac-toe-rb-ruby-intro-000/lib/tic_tac_toe.rb": [
        null,
        null,
        1,
        null,
        null,
        null,
        null,
        null,
        null,
        null,
        null,
        null,
        null,
        1,
        25,
        25,
        null,
        null,
        null,
        null,
        null,
        1,
        24,
        null,
        null,
        null,
        1,
        23,
        null,
        null,
        null,
        1,
        26,
        23,
        null,
        3,
        null,
        null,
        null,
        1,
        24,
        2,
        null,
        22,
        1,
        null,
        21,
        null,
        null,
        null,
        1,
        23,
        23,
        207,
        32,
        null,
        null,
        23,
        null,
        null,
        null,
        1,
        22,
        15,
        null,
        7,
        null,
        null,
        null,
        1,
        21,
        21,
        21,
        21,
        21,
        20,
        20,
        null,
        1,
        1,
        null,
        null,
        null,
        null,
        1,
        29,
        203,
        203,
        203,
        null,
        203,
        203,
        203,
        null,
        203,
        9,
        null,
        null,
        20,
        null,
        null,
        null,
        1,
        19,
        12,
        null,
        7,
        null,
        null,
        1,
        18,
        5,
        null,
        13,
        null,
        null,
        null,
        1,
        22,
        10,
        null,
        12,
        null,
        null,
        null,
        1,
        3,
        3,
        null,
        2,
        1,
        1,
        1,
        null,
        null,
        null,
        1,
        12,
        18,
        null,
        null
      ]
    },
    "timestamp": 1614907491
  }
}
