{
  "RSpec": {
    "coverage": {
      "/home/lively-mainframe-8820/tic-tac-toe-rb-ruby-intro-000/lib/tic_tac_toe.rb": [
        null,
        null,
        1,
        null,
        null,
        null,
        null,
        null,
        null,
        null,
        null,
        null,
        null,
        1,
        5,
        5,
        null,
        null,
        null,
        null,
        null,
        1,
        9322,
        null,
        null,
        null,
        1,
        6,
        null,
        null,
        null,
        1,
        9324,
        6,
        null,
        9318,
        null,
        null,
        null,
        1,
        9322,
        2,
        null,
        9320,
        9316,
        null,
        4,
        null,
        null,
        null,
        1,
        9321,
        9321,
        83889,
        9320,
        null,
        null,
        9321,
        null,
        null,
        null,
        1,
        9320,
        5,
        null,
        9315,
        null,
        null,
        null,
        1,
        9320,
        9319,
        9319,
        9319,
        9319,
        3,
        3,
        null,
        9316,
        9316,
        null,
        null,
        null,
        null,
        1,
        11,
        78,
        78,
        78,
        null,
        78,
        78,
        78,
        null,
        78,
        5,
        null,
        null,
        6,
        null,
        null,
        null,
        1,
        8,
        3,
        null,
        5,
        null,
        null,
        1,
        7,
        3,
        null,
        4,
        null,
        null,
        null,
        1,
        3,
        2,
        null,
        1,
        null,
        null,
        null,
        1,
        3,
        3,
        null,
        2,
        1,
        1,
        1,
        null,
        null,
        null,
        1,
        1,
        1,
        2,
        1,
        1,
        0,
        null,
        null,
        null
      ]
    },
    "timestamp": 1614907443
  }
}
